2019-10-22 17:18:46.541  INFO 217464 --- [main] c.s.yourspotify.YourspotifyApplication   : Starting YourspotifyApplication on DESKTOP-VI2L4E3 with PID 217464 (C:\NAUKA_IT\JAVA\PROJEKT_CURRENDA\yourspotify\target\classes started by Marek in C:\NAUKA_IT\JAVA\PROJEKT_CURRENDA\yourspotify)
2019-10-22 17:18:46.544  INFO 217464 --- [main] c.s.yourspotify.YourspotifyApplication   : No active profile set, falling back to default profiles: default
2019-10-22 17:18:47.272  INFO 217464 --- [main] .s.d.r.c.RepositoryConfigurationDelegate : Multiple Spring Data modules found, entering strict repository configuration mode!
2019-10-22 17:18:47.274  INFO 217464 --- [main] .s.d.r.c.RepositoryConfigurationDelegate : Bootstrapping Spring Data repositories in DEFAULT mode.
2019-10-22 17:18:47.307  INFO 217464 --- [main] .RepositoryConfigurationExtensionSupport : Spring Data Elasticsearch - Could not safely identify store assignment for repository candidate interface com.sitarski.yourspotify.dao.ArtistRepository.
2019-10-22 17:18:47.309  INFO 217464 --- [main] .RepositoryConfigurationExtensionSupport : Spring Data Elasticsearch - Could not safely identify store assignment for repository candidate interface com.sitarski.yourspotify.dao.TrackRepository.
2019-10-22 17:18:47.310  INFO 217464 --- [main] .s.d.r.c.RepositoryConfigurationDelegate : Finished Spring Data repository scanning in 30ms. Found 0 repository interfaces.
2019-10-22 17:18:47.314  INFO 217464 --- [main] .s.d.r.c.RepositoryConfigurationDelegate : Multiple Spring Data modules found, entering strict repository configuration mode!
2019-10-22 17:18:47.315  INFO 217464 --- [main] .s.d.r.c.RepositoryConfigurationDelegate : Bootstrapping Spring Data repositories in DEFAULT mode.
2019-10-22 17:18:47.319  INFO 217464 --- [main] .RepositoryConfigurationExtensionSupport : Spring Data Reactive Elasticsearch - Could not safely identify store assignment for repository candidate interface com.sitarski.yourspotify.dao.ArtistRepository.
2019-10-22 17:18:47.320  INFO 217464 --- [main] .RepositoryConfigurationExtensionSupport : Spring Data Reactive Elasticsearch - Could not safely identify store assignment for repository candidate interface com.sitarski.yourspotify.dao.TrackRepository.
2019-10-22 17:18:47.320  INFO 217464 --- [main] .s.d.r.c.RepositoryConfigurationDelegate : Finished Spring Data repository scanning in 4ms. Found 0 repository interfaces.
2019-10-22 17:18:47.329  INFO 217464 --- [main] .s.d.r.c.RepositoryConfigurationDelegate : Multiple Spring Data modules found, entering strict repository configuration mode!
2019-10-22 17:18:47.330  INFO 217464 --- [main] .s.d.r.c.RepositoryConfigurationDelegate : Bootstrapping Spring Data repositories in DEFAULT mode.
2019-10-22 17:18:47.366  INFO 217464 --- [main] .s.d.r.c.RepositoryConfigurationDelegate : Finished Spring Data repository scanning in 27ms. Found 2 repository interfaces.
2019-10-22 17:18:47.677  INFO 217464 --- [main] trationDelegate$BeanPostProcessorChecker : Bean 'org.springframework.transaction.annotation.ProxyTransactionManagementConfiguration' of type [org.springframework.transaction.annotation.ProxyTransactionManagementConfiguration] is not eligible for getting processed by all BeanPostProcessors (for example: not eligible for auto-proxying)
2019-10-22 17:18:48.089  INFO 217464 --- [main] o.s.b.w.embedded.tomcat.TomcatWebServer  : Tomcat initialized with port(s): 8080 (http)
2019-10-22 17:18:48.098  INFO 217464 --- [main] o.apache.catalina.core.StandardService   : Starting service [Tomcat]
2019-10-22 17:18:48.098  INFO 217464 --- [main] org.apache.catalina.core.StandardEngine  : Starting Servlet engine: [Apache Tomcat/9.0.27]
2019-10-22 17:18:48.207  INFO 217464 --- [main] o.a.c.c.C.[Tomcat].[localhost].[/]       : Initializing Spring embedded WebApplicationContext
2019-10-22 17:18:48.208  INFO 217464 --- [main] o.s.web.context.ContextLoader            : Root WebApplicationContext: initialization completed in 1607 ms
2019-10-22 17:18:48.252  INFO 217464 --- [main] com.zaxxer.hikari.HikariDataSource       : HikariPool-1 - Starting...
2019-10-22 17:18:48.410  INFO 217464 --- [main] com.zaxxer.hikari.HikariDataSource       : HikariPool-1 - Start completed.
2019-10-22 17:18:48.416  INFO 217464 --- [main] o.s.b.a.h2.H2ConsoleAutoConfiguration    : H2 console available at '/h2-console'. Database available at 'jdbc:h2:mem:testdb'
2019-10-22 17:18:48.553  INFO 217464 --- [main] o.hibernate.jpa.internal.util.LogHelper  : HHH000204: Processing PersistenceUnitInfo [name: default]
2019-10-22 17:18:48.610  INFO 217464 --- [main] org.hibernate.Version                    : HHH000412: Hibernate Core {5.4.6.Final}
2019-10-22 17:18:48.741  INFO 217464 --- [main] o.hibernate.annotations.common.Version   : HCANN000001: Hibernate Commons Annotations {5.1.0.Final}
2019-10-22 17:18:48.860  INFO 217464 --- [main] org.hibernate.dialect.Dialect            : HHH000400: Using dialect: org.hibernate.dialect.H2Dialect
2019-10-22 17:18:49.555  INFO 217464 --- [main] o.h.e.t.j.p.i.JtaPlatformInitiator       : HHH000490: Using JtaPlatform implementation: [org.hibernate.engine.transaction.jta.platform.internal.NoJtaPlatform]
2019-10-22 17:18:49.560  INFO 217464 --- [main] j.LocalContainerEntityManagerFactoryBean : Initialized JPA EntityManagerFactory for persistence unit 'default'
2019-10-22 17:18:49.680  WARN 217464 --- [main] JpaBaseConfiguration$JpaWebConfiguration : spring.jpa.open-in-view is enabled by default. Therefore, database queries may be performed during view rendering. Explicitly configure spring.jpa.open-in-view to disable this warning
2019-10-22 17:18:50.030  INFO 217464 --- [main] o.s.s.concurrent.ThreadPoolTaskExecutor  : Initializing ExecutorService 'applicationTaskExecutor'
2019-10-22 17:18:50.601  INFO 217464 --- [main] o.s.b.w.embedded.tomcat.TomcatWebServer  : Tomcat started on port(s): 8080 (http) with context path ''
2019-10-22 17:18:50.605  INFO 217464 --- [main] c.s.yourspotify.YourspotifyApplication   : Started YourspotifyApplication in 4.528 seconds (JVM running for 5.026)
